{
  "MiniTest": {
    "coverage": {
      "/home/ubuntu/workspace/Phase2/app/models/curriculum.rb": [
        1,
        null,
        1,
        null,
        null,
        1,
        1,
        1,
        1,
        1,
        null,
        null,
        2,
        3,
        3,
        3,
        null,
        null,
        1,
        1,
        null,
        104,
        83,
        2,
        null,
        null,
        null,
        null
      ],
      "/home/ubuntu/workspace/Phase2/app/models/application_record.rb": [
        1,
        1,
        null
      ],
      "/home/ubuntu/workspace/Phase2/app/models/camp.rb": [
        1,
        null,
        1,
        1,
        1,
        1,
        null,
        null,
        1,
        1,
        105,
        1,
        1,
        1,
        1,
        1,
        1,
        1,
        null,
        null,
        2,
        3,
        3,
        2,
        3,
        3,
        2,
        2,
        2,
        null,
        null,
        1,
        11,
        null,
        null,
        1,
        100,
        null,
        null,
        null,
        1,
        null,
        null,
        1,
        137,
        105,
        null,
        null,
        1,
        137,
        105,
        null,
        null,
        1,
        133,
        100,
        1,
        null,
        null,
        null,
        1,
        137,
        104,
        1,
        null,
        null,
        null,
        1,
        null,
        7,
        3,
        null,
        null,
        null
      ],
      "/home/ubuntu/workspace/Phase2/app/models/instructor.rb": [
        1,
        null,
        1,
        1,
        null,
        null,
        1,
        1,
        1,
        null,
        null,
        null,
        2,
        3,
        3,
        3,
        null,
        null,
        null,
        1,
        null,
        5,
        null,
        null,
        null,
        null,
        null,
        1,
        null,
        null,
        null,
        1,
        2,
        null,
        null,
        1,
        2,
        null,
        null,
        1,
        1,
        43,
        43,
        43,
        null,
        null,
        null
      ],
      "/home/ubuntu/workspace/Phase2/app/models/camp_instructor.rb": [
        1,
        null,
        1,
        1,
        null,
        null,
        1,
        1,
        1,
        1,
        1,
        1,
        null,
        1,
        1,
        51,
        39,
        1,
        null,
        null,
        null,
        1,
        51,
        79,
        39,
        2,
        null,
        null,
        null,
        1,
        51,
        39,
        null,
        null,
        null,
        1,
        51,
        39,
        null,
        null
      ],
      "/home/ubuntu/workspace/Phase2/app/models/location.rb": [
        1,
        null,
        1,
        null,
        null,
        1,
        null,
        null,
        1,
        1,
        52,
        1,
        1,
        null,
        null,
        2,
        2,
        2,
        null,
        null
      ],
      "/home/ubuntu/workspace/Phase2/app/mailers/application_mailer.rb": [
        0,
        0,
        0,
        0
      ],
      "/home/ubuntu/workspace/Phase2/app/channels/application_cable/connection.rb": [
        0,
        0,
        0,
        0
      ],
      "/home/ubuntu/workspace/Phase2/app/channels/application_cable/channel.rb": [
        0,
        0,
        0,
        0
      ],
      "/home/ubuntu/workspace/Phase2/app/controllers/locations_controller.rb": [
        0,
        0,
        null,
        null,
        null,
        0,
        0,
        0,
        null,
        null,
        null,
        0,
        0,
        null,
        null,
        0,
        0,
        0,
        null,
        null,
        0,
        0,
        null,
        null,
        null,
        0,
        0,
        null,
        0,
        0,
        0,
        0,
        0,
        0,
        0,
        0,
        0,
        0,
        null,
        null,
        null,
        0,
        0,
        0,
        0,
        0,
        0,
        0,
        0,
        0,
        0,
        0,
        null,
        null,
        null,
        0,
        0,
        0,
        0,
        0,
        0,
        0,
        null,
        0,
        null,
        0,
        0,
        0,
        null,
        null,
        0,
        0,
        0,
        0
      ],
      "/home/ubuntu/workspace/Phase2/app/controllers/instructors_controller.rb": [
        0,
        0,
        null,
        null,
        null,
        0,
        0,
        0,
        null,
        null,
        null,
        0,
        0,
        null,
        null,
        0,
        0,
        0,
        null,
        null,
        0,
        0,
        null,
        null,
        null,
        0,
        0,
        null,
        0,
        0,
        0,
        0,
        0,
        0,
        0,
        0,
        0,
        0,
        null,
        null,
        null,
        0,
        0,
        0,
        0,
        0,
        0,
        0,
        0,
        0,
        0,
        0,
        null,
        null,
        null,
        0,
        0,
        0,
        0,
        0,
        0,
        0,
        null,
        0,
        null,
        0,
        0,
        0,
        null,
        null,
        0,
        0,
        0,
        0
      ],
      "/home/ubuntu/workspace/Phase2/app/controllers/camp_instructors_controller.rb": [
        0,
        0,
        null,
        null,
        null,
        0,
        0,
        0,
        null,
        null,
        null,
        0,
        0,
        null,
        null,
        0,
        0,
        0,
        null,
        null,
        0,
        0,
        null,
        null,
        null,
        0,
        0,
        null,
        0,
        0,
        0,
        0,
        0,
        0,
        0,
        0,
        0,
        0,
        null,
        null,
        null,
        0,
        0,
        0,
        0,
        0,
        0,
        0,
        0,
        0,
        0,
        0,
        null,
        null,
        null,
        0,
        0,
        0,
        0,
        0,
        0,
        0,
        null,
        0,
        null,
        0,
        0,
        0,
        null,
        null,
        0,
        0,
        0,
        0
      ],
      "/home/ubuntu/workspace/Phase2/app/controllers/camps_controller.rb": [
        0,
        0,
        null,
        null,
        null,
        0,
        0,
        0,
        null,
        null,
        null,
        0,
        0,
        null,
        null,
        0,
        0,
        0,
        null,
        null,
        0,
        0,
        null,
        null,
        null,
        0,
        0,
        null,
        0,
        0,
        0,
        0,
        0,
        0,
        0,
        0,
        0,
        0,
        null,
        null,
        null,
        0,
        0,
        0,
        0,
        0,
        0,
        0,
        0,
        0,
        0,
        0,
        null,
        null,
        null,
        0,
        0,
        0,
        0,
        0,
        0,
        0,
        null,
        0,
        null,
        0,
        0,
        0,
        null,
        null,
        0,
        0,
        0,
        0
      ],
      "/home/ubuntu/workspace/Phase2/app/controllers/application_controller.rb": [
        0,
        0,
        0
      ],
      "/home/ubuntu/workspace/Phase2/app/controllers/curriculums_controller.rb": [
        0,
        0,
        null,
        null,
        null,
        0,
        0,
        0,
        null,
        null,
        null,
        0,
        0,
        null,
        null,
        0,
        0,
        0,
        null,
        null,
        0,
        0,
        null,
        null,
        null,
        0,
        0,
        null,
        0,
        0,
        0,
        0,
        0,
        0,
        0,
        0,
        0,
        0,
        null,
        null,
        null,
        0,
        0,
        0,
        0,
        0,
        0,
        0,
        0,
        0,
        0,
        0,
        null,
        null,
        null,
        0,
        0,
        0,
        0,
        0,
        0,
        0,
        null,
        0,
        null,
        0,
        0,
        0,
        null,
        null,
        0,
        0,
        0,
        0
      ],
      "/home/ubuntu/workspace/Phase2/app/jobs/application_job.rb": [
        0,
        0
      ],
      "/home/ubuntu/workspace/Phase2/app/helpers/curriculums_helper.rb": [
        0,
        0
      ],
      "/home/ubuntu/workspace/Phase2/app/helpers/locations_helper.rb": [
        0,
        0
      ],
      "/home/ubuntu/workspace/Phase2/app/helpers/camps_helper.rb": [
        0,
        0
      ],
      "/home/ubuntu/workspace/Phase2/app/helpers/instructors_helper.rb": [
        0,
        0
      ],
      "/home/ubuntu/workspace/Phase2/app/helpers/application_helper.rb": [
        0,
        0
      ],
      "/home/ubuntu/workspace/Phase2/app/helpers/camp_instructors_helper.rb": [
        0,
        0
      ]
    },
    "timestamp": 1523172677
  },
  "RSpec": {
    "coverage": {
      "/home/ubuntu/workspace/Phase2/app/models/curriculum.rb": [
        1,
        1,
        1,
        1,
        1,
        1,
        null,
        1,
        1,
        1,
        1,
        null,
        null
      ],
      "/home/ubuntu/workspace/Phase2/app/models/application_record.rb": [
        1,
        1,
        null
      ],
      "/home/ubuntu/workspace/Phase2/app/models/camp.rb": [
        1,
        1,
        1,
        1,
        1,
        1,
        1,
        0,
        null,
        null,
        0,
        0,
        0,
        0,
        0,
        0,
        0,
        0,
        null,
        0,
        0,
        null,
        null,
        null
      ],
      "/home/ubuntu/workspace/Phase2/app/models/location.rb": [
        0,
        0,
        0,
        0,
        0,
        null,
        null,
        0,
        0,
        0,
        0
      ],
      "/home/ubuntu/workspace/Phase2/app/models/camp_instructor.rb": [
        0,
        0,
        0,
        0,
        0,
        null,
        null,
        0,
        0,
        0
      ],
      "/home/ubuntu/workspace/Phase2/app/models/instructor.rb": [
        0,
        0,
        0,
        0,
        0,
        null,
        null,
        null,
        0,
        0,
        0,
        0,
        null,
        0,
        0,
        0,
        null,
        0,
        0,
        0,
        null,
        0
      ],
      "/home/ubuntu/workspace/Phase2/app/mailers/application_mailer.rb": [
        0,
        0,
        0,
        0
      ],
      "/home/ubuntu/workspace/Phase2/app/channels/application_cable/connection.rb": [
        0,
        0,
        0,
        0
      ],
      "/home/ubuntu/workspace/Phase2/app/channels/application_cable/channel.rb": [
        0,
        0,
        0,
        0
      ],
      "/home/ubuntu/workspace/Phase2/app/controllers/locations_controller.rb": [
        0,
        0,
        null,
        null,
        null,
        0,
        0,
        0,
        null,
        null,
        null,
        0,
        0,
        null,
        null,
        0,
        0,
        0,
        null,
        null,
        0,
        0,
        null,
        null,
        null,
        0,
        0,
        null,
        0,
        0,
        0,
        0,
        0,
        0,
        0,
        0,
        0,
        0,
        null,
        null,
        null,
        0,
        0,
        0,
        0,
        0,
        0,
        0,
        0,
        0,
        0,
        0,
        null,
        null,
        null,
        0,
        0,
        0,
        0,
        0,
        0,
        0,
        null,
        0,
        null,
        0,
        0,
        0,
        null,
        null,
        0,
        0,
        0,
        0
      ],
      "/home/ubuntu/workspace/Phase2/app/controllers/instructors_controller.rb": [
        0,
        0,
        null,
        null,
        null,
        0,
        0,
        0,
        null,
        null,
        null,
        0,
        0,
        null,
        null,
        0,
        0,
        0,
        null,
        null,
        0,
        0,
        null,
        null,
        null,
        0,
        0,
        null,
        0,
        0,
        0,
        0,
        0,
        0,
        0,
        0,
        0,
        0,
        null,
        null,
        null,
        0,
        0,
        0,
        0,
        0,
        0,
        0,
        0,
        0,
        0,
        0,
        null,
        null,
        null,
        0,
        0,
        0,
        0,
        0,
        0,
        0,
        null,
        0,
        null,
        0,
        0,
        0,
        null,
        null,
        0,
        0,
        0,
        0
      ],
      "/home/ubuntu/workspace/Phase2/app/controllers/camp_instructors_controller.rb": [
        0,
        0,
        null,
        null,
        null,
        0,
        0,
        0,
        null,
        null,
        null,
        0,
        0,
        null,
        null,
        0,
        0,
        0,
        null,
        null,
        0,
        0,
        null,
        null,
        null,
        0,
        0,
        null,
        0,
        0,
        0,
        0,
        0,
        0,
        0,
        0,
        0,
        0,
        null,
        null,
        null,
        0,
        0,
        0,
        0,
        0,
        0,
        0,
        0,
        0,
        0,
        0,
        null,
        null,
        null,
        0,
        0,
        0,
        0,
        0,
        0,
        0,
        null,
        0,
        null,
        0,
        0,
        0,
        null,
        null,
        0,
        0,
        0,
        0
      ],
      "/home/ubuntu/workspace/Phase2/app/controllers/camps_controller.rb": [
        0,
        0,
        null,
        null,
        null,
        0,
        0,
        0,
        null,
        null,
        null,
        0,
        0,
        null,
        null,
        0,
        0,
        0,
        null,
        null,
        0,
        0,
        null,
        null,
        null,
        0,
        0,
        null,
        0,
        0,
        0,
        0,
        0,
        0,
        0,
        0,
        0,
        0,
        null,
        null,
        null,
        0,
        0,
        0,
        0,
        0,
        0,
        0,
        0,
        0,
        0,
        0,
        null,
        null,
        null,
        0,
        0,
        0,
        0,
        0,
        0,
        0,
        null,
        0,
        null,
        0,
        0,
        0,
        null,
        null,
        0,
        0,
        0,
        0
      ],
      "/home/ubuntu/workspace/Phase2/app/controllers/application_controller.rb": [
        0,
        0,
        0
      ],
      "/home/ubuntu/workspace/Phase2/app/controllers/curriculums_controller.rb": [
        0,
        0,
        null,
        null,
        null,
        0,
        0,
        0,
        null,
        null,
        null,
        0,
        0,
        null,
        null,
        0,
        0,
        0,
        null,
        null,
        0,
        0,
        null,
        null,
        null,
        0,
        0,
        null,
        0,
        0,
        0,
        0,
        0,
        0,
        0,
        0,
        0,
        0,
        null,
        null,
        null,
        0,
        0,
        0,
        0,
        0,
        0,
        0,
        0,
        0,
        0,
        0,
        null,
        null,
        null,
        0,
        0,
        0,
        0,
        0,
        0,
        0,
        null,
        0,
        null,
        0,
        0,
        0,
        null,
        null,
        0,
        0,
        0,
        0
      ],
      "/home/ubuntu/workspace/Phase2/app/jobs/application_job.rb": [
        0,
        0
      ],
      "/home/ubuntu/workspace/Phase2/app/helpers/curriculums_helper.rb": [
        0,
        0
      ],
      "/home/ubuntu/workspace/Phase2/app/helpers/locations_helper.rb": [
        0,
        0
      ],
      "/home/ubuntu/workspace/Phase2/app/helpers/camps_helper.rb": [
        0,
        0
      ],
      "/home/ubuntu/workspace/Phase2/app/helpers/instructors_helper.rb": [
        0,
        0
      ],
      "/home/ubuntu/workspace/Phase2/app/helpers/application_helper.rb": [
        0,
        0
      ],
      "/home/ubuntu/workspace/Phase2/app/helpers/camp_instructors_helper.rb": [
        0,
        0
      ]
    },
    "timestamp": 1523122817
  }
}
